#
# A fatal error has been detected by the Java Runtime Environment:
#
#  EXCEPTION_ACCESS_VIOLATION (0xc0000005) at pc=0x00007ffe244a4152, pid=18284, tid=16120
#
# JRE version: Java(TM) SE Runtime Environment (7.0_65-b19) (build 1.7.0_65-b19)
# Java VM: Java HotSpot(TM) 64-Bit Server VM (24.65-b04 mixed mode windows-amd64 compressed oops)
# Problematic frame:
# C  [jniadaptsmtz.dll+0x4152]
#
# Failed to write core dump. Minidumps are not enabled by default on client versions of Windows
#
# If you would like to submit a bug report, please visit:
#   http://bugreport.sun.com/bugreport/crash.jsp
# The crash happened outside the Java Virtual Machine in native code.
# See problematic frame for where to report the bug.
#

---------------  T H R E A D  ---------------

Current thread (0x0000000011239800):  JavaThread "Thread-2" [_thread_in_native, id=16120, stack(0x00000000118a0000,0x00000000119a0000)]

siginfo: ExceptionCode=0xc0000005, reading address 0x0000000000000000

Registers:
RAX=0x0000000000000000, RBX=0x000000001199eca0, RCX=0x00000000ffffffff, RDX=0x000000001334a150
RSP=0x000000001199ec30, RBP=0x000000001199ed70, RSI=0x00000007ab951fc8, RDI=0x00000000112399e8
R8 =0x00007ffdfad6a0d0, R9 =0x000000001199ebe0, R10=0x0000000000000040, R11=0x000000001199eae0
R12=0x0000000000000000, R13=0x000000070224c2b8, R14=0x00000000e0457a46, R15=0x0000000011239800
RIP=0x00007ffe244a4152, EFLAGS=0x0000000000010202

Top of Stack: (sp=0x000000001199ec30)
0x000000001199ec30:   000000001199eca0 00007ffdfad61e08
0x000000001199ec40:   0000000000a8db50 00007ffdfad5f24a
0x000000001199ec50:   fffffffffffffffe 000000001199ec48
0x000000001199ec60:   fffffffffffffffe 00000000628c797f
0x000000001199ec70:   00000000112399e8 00007ffdbd9c9360
0x000000001199ec80:   0000000000a8db50 000000001199eca0
0x000000001199ec90:   0000000000a8db50 00000007ab951fc8
0x000000001199eca0:   0000000000cc0b50 00000007ab952101
0x000000001199ecb0:   0000000000a8db50 000000001199eca0
0x000000001199ecc0:   00000007ab9520f0 0000000013464d48
0x000000001199ecd0:   0000000013464d68 0000000000000000
0x000000001199ece0:   fffffffffffffffe 0000000000a8db50
0x000000001199ecf0:   000000070221db68 0000000702208958
0x000000001199ed00:   0000000000000000 0000000002bb1871
0x000000001199ed10:   00000000112399e8 000000070232fc68
0x000000001199ed20:   00000000f572a3d6 0000000000cc0c40 

Instructions: (pc=0x00007ffe244a4152)
0x00007ffe244a4132:   04 33 c9 eb 0f 48 8b 40 08 48 63 48 08 48 83 c1
0x00007ffe244a4142:   08 48 03 ca 48 8d 15 43 22 00 00 e8 78 05 00 00
0x00007ffe244a4152:   48 8b 30 48 8d 44 24 28 48 89 44 24 60 c6 44 24
0x00007ffe244a4162:   30 00 48 8b 0b 48 89 4c 24 28 48 85 c9 74 16 e8 


Register to memory mapping:

RAX=0x0000000000000000 is an unknown value
RBX=0x000000001199eca0 is pointing into the stack for thread: 0x0000000011239800
RCX=0x00000000ffffffff is an unknown value
RDX=0x000000001334a150 is an unknown value
RSP=0x000000001199ec30 is pointing into the stack for thread: 0x0000000011239800
RBP=0x000000001199ed70 is pointing into the stack for thread: 0x0000000011239800
RSI=0x00000007ab951fc8 is an oop
java.lang.String 
 - klass: 'java/lang/String'
RDI=0x00000000112399e8 is an unknown value
R8 =0x00007ffdfad6a0d0 is an unknown value
R9 =0x000000001199ebe0 is pointing into the stack for thread: 0x0000000011239800
R10=0x0000000000000040 is an unknown value
R11=0x000000001199eae0 is pointing into the stack for thread: 0x0000000011239800
R12=0x0000000000000000 is an unknown value
R13=0x000000070224c2b8 is an oop
java.lang.String 
 - klass: 'java/lang/String'
R14=0x00000000e0457a46 is an unknown value
R15=0x0000000011239800 is a thread


Stack: [0x00000000118a0000,0x00000000119a0000],  sp=0x000000001199ec30,  free space=1019k
Native frames: (J=compiled Java code, j=interpreted, Vv=VM code, C=native code)
C  [jniadaptsmtz.dll+0x4152]

Java frames: (J=compiled Java code, j=interpreted, Vv=VM code)
J 632  com.ptc.pfc.Implementation.pfcSession$Session.GetModelFromFileName(Ljava/lang/String;)Lcom/ptc/pfc/pfcModel/Model; (0 bytes) @ 0x0000000002bb17ef [0x0000000002bb17a0+0x4f]
J 693 C2 com.simplifiedlogic.nitro.jlink.impl.JLFeature.list(Ljava/lang/String;Ljava/lang/String;Ljava/lang/String;Ljava/lang/String;ZZZZLcom/simplifiedlogic/nitro/jlink/data/AbstractJLISession;)Ljava/util/List; (290 bytes) @ 0x0000000002be4580 [0x0000000002be4220+0x360]
J 477 C2 com.simplifiedlogic.nitro.jshell.json.handler.JLJsonFeatureHandler.actionList(Ljava/lang/String;Ljava/util/Hashtable;)Ljava/util/Hashtable; (323 bytes) @ 0x0000000002b780bc [0x0000000002b77e60+0x25c]
J 646 C2 com.simplifiedlogic.nitro.jshell.json.JShellJsonHandler.handleRequest(Lcom/simplifiedlogic/nitro/jshell/json/request/BaseRequest;)Lcom/simplifiedlogic/nitro/jshell/json/response/BaseResponse; (267 bytes) @ 0x0000000002bbc754 [0x0000000002bbc220+0x534]
J 419 C2 com.sun.net.httpserver.Filter$Chain.doFilter(Lcom/sun/net/httpserver/HttpExchange;)V (45 bytes) @ 0x0000000002b44110 [0x0000000002b42d20+0x13f0]
J 419 C2 com.sun.net.httpserver.Filter$Chain.doFilter(Lcom/sun/net/httpserver/HttpExchange;)V (45 bytes) @ 0x0000000002b458a0 [0x0000000002b42d20+0x2b80]
J 419 C2 com.sun.net.httpserver.Filter$Chain.doFilter(Lcom/sun/net/httpserver/HttpExchange;)V (45 bytes) @ 0x0000000002b42dc4 [0x0000000002b42d20+0xa4]
J 476 C2 sun.net.httpserver.ServerImpl$Exchange.run()V (1003 bytes) @ 0x0000000002b6e8b4 [0x0000000002b6d160+0x1754]
J 519 C2 sun.net.httpserver.ServerImpl$Dispatcher.handle(Ljava/nio/channels/SocketChannel;Lsun/net/httpserver/HttpConnection;)V (91 bytes) @ 0x0000000002b8690c [0x0000000002b86820+0xec]
J 92% C2 sun.net.httpserver.ServerImpl$Dispatcher.run()V (545 bytes) @ 0x0000000002aa4de4 [0x0000000002aa46a0+0x744]
j  java.lang.Thread.run()V+11
v  ~StubRoutines::call_stub

---------------  P R O C E S S  ---------------

Java Threads: ( => current thread )
  0x0000000000ebe000 JavaThread "DestroyJavaVM" [_thread_blocked, id=2932, stack(0x0000000002700000,0x0000000002800000)]
=>0x0000000011239800 JavaThread "Thread-2" [_thread_in_native, id=16120, stack(0x00000000118a0000,0x00000000119a0000)]
  0x0000000011157800 JavaThread "server-timer" daemon [_thread_blocked, id=1264, stack(0x00000000117a0000,0x00000000118a0000)]
  0x000000000f712800 JavaThread "Service Thread" daemon [_thread_blocked, id=17044, stack(0x0000000010e60000,0x0000000010f60000)]
  0x000000000f700800 JavaThread "C2 CompilerThread1" daemon [_thread_blocked, id=17612, stack(0x0000000010d60000,0x0000000010e60000)]
  0x000000000f6fe800 JavaThread "C2 CompilerThread0" daemon [_thread_blocked, id=17656, stack(0x0000000010c60000,0x0000000010d60000)]
  0x000000000f6fd800 JavaThread "Attach Listener" daemon [_thread_blocked, id=17280, stack(0x0000000010b60000,0x0000000010c60000)]
  0x000000000f6fa800 JavaThread "Signal Dispatcher" daemon [_thread_blocked, id=16560, stack(0x0000000010a60000,0x0000000010b60000)]
  0x000000000f6c0800 JavaThread "Finalizer" daemon [_thread_blocked, id=18296, stack(0x0000000010960000,0x0000000010a60000)]
  0x000000000f6b6000 JavaThread "Reference Handler" daemon [_thread_blocked, id=6316, stack(0x0000000010860000,0x0000000010960000)]

Other Threads:
  0x000000000f6b2000 VMThread [stack: 0x0000000010760000,0x0000000010860000] [id=8024]
  0x000000000f71c800 WatcherThread [stack: 0x0000000010f60000,0x0000000011060000] [id=1384]

VM state:not at safepoint (normal execution)

VM Mutex/Monitor currently owned by a thread: None

Heap
 PSYoungGen      total 40448K, used 4605K [0x00000007ab600000, 0x00000007ae000000, 0x0000000800000000)
  eden space 39424K, 10% used [0x00000007ab600000,0x00000007ab9df7f0,0x00000007adc80000)
  from space 1024K, 62% used [0x00000007add80000,0x00000007ade20000,0x00000007ade80000)
  to   space 1536K, 0% used [0x00000007ade80000,0x00000007ade80000,0x00000007ae000000)
 ParOldGen       total 173056K, used 1681K [0x0000000702200000, 0x000000070cb00000, 0x00000007ab600000)
  object space 173056K, 0% used [0x0000000702200000,0x00000007023a4528,0x000000070cb00000)
 PSPermGen       total 21504K, used 10017K [0x00000006fd000000, 0x00000006fe500000, 0x0000000702200000)
  object space 21504K, 46% used [0x00000006fd000000,0x00000006fd9c8510,0x00000006fe500000)

Card table byte_map: [0x0000000005a00000,0x0000000006220000] byte_map_base: 0x0000000002218000

Polling page: 0x0000000000e90000

Code Cache  [0x0000000002a00000, 0x0000000002c70000, 0x0000000005a00000)
 total_blobs=1033 nmethods=748 adapters=237 free_code_cache=47123Kb largest_free_block=48202432

Compilation events (10 events):
Event: 1018500.683 Thread 0x000000000f700800  756             com.ptc.pfc.Implementation.pfcFeature$Feature::<init> (6 bytes)
Event: 1018500.684 Thread 0x000000000f700800 nmethod 756 0x0000000002bec390 code [0x0000000002bec4c0, 0x0000000002bec538]
Event: 1018626.470 Thread 0x000000000f6fe800  758             com.fasterxml.jackson.databind.cfg.MapperConfigBase::getRootName (5 bytes)
Event: 1018626.470 Thread 0x000000000f6fe800 nmethod 758 0x0000000002bec190 code [0x0000000002bec2c0, 0x0000000002bec338]
Event: 1018753.319 Thread 0x000000000f700800  759   !         com.fasterxml.jackson.databind.ser.DefaultSerializerProvider::serializeValue (198 bytes)
Event: 1018753.332 Thread 0x000000000f700800 nmethod 759 0x0000000002beafd0 code [0x0000000002beb180, 0x0000000002beb8c8]
Event: 1018803.807 Thread 0x000000000f6fe800  760   !         com.fasterxml.jackson.databind.type.TypeFactory::_fromClass (228 bytes)
Event: 1018803.824 Thread 0x000000000f6fe800 nmethod 760 0x0000000002c06010 code [0x0000000002c06220, 0x0000000002c070b0]
Event: 1019545.720 Thread 0x000000000f700800  761             com.fasterxml.jackson.databind.type.TypeFactory::_constructType (203 bytes)
Event: 1019545.722 Thread 0x000000000f700800 nmethod 761 0x0000000002bf9a10 code [0x0000000002bf9b60, 0x0000000002bf9c48]

GC Heap History (10 events):
Event: 1019407.629 GC heap before
{Heap before GC invocations=33 (full 0):
 PSYoungGen      total 43520K, used 42656K [0x00000007ab600000, 0x00000007ae300000, 0x0000000800000000)
  eden space 41984K, 100% used [0x00000007ab600000,0x00000007adf00000,0x00000007adf00000)
  from space 1536K, 43% used [0x00000007ae180000,0x00000007ae228000,0x00000007ae300000)
  to   space 2048K, 0% used [0x00000007adf00000,0x00000007adf00000,0x00000007ae100000)
 ParOldGen       total 173056K, used 1617K [0x0000000702200000, 0x000000070cb00000, 0x00000007ab600000)
  object space 173056K, 0% used [0x0000000702200000,0x0000000702394528,0x000000070cb00000)
 PSPermGen       total 21504K, used 10017K [0x00000006fd000000, 0x00000006fe500000, 0x0000000702200000)
  object space 21504K, 46% used [0x00000006fd000000,0x00000006fd9c8510,0x00000006fe500000)
Event: 1019407.631 GC heap after
Heap after GC invocations=33 (full 0):
 PSYoungGen      total 42496K, used 704K [0x00000007ab600000, 0x00000007ae280000, 0x0000000800000000)
  eden space 41472K, 0% used [0x00000007ab600000,0x00000007ab600000,0x00000007ade80000)
  from space 1024K, 68% used [0x00000007adf00000,0x00000007adfb0000,0x00000007ae000000)
  to   space 2048K, 0% used [0x00000007ae080000,0x00000007ae080000,0x00000007ae280000)
 ParOldGen       total 173056K, used 1633K [0x0000000702200000, 0x000000070cb00000, 0x00000007ab600000)
  object space 173056K, 0% used [0x0000000702200000,0x0000000702398528,0x000000070cb00000)
 PSPermGen       total 21504K, used 10017K [0x00000006fd000000, 0x00000006fe500000, 0x0000000702200000)
  object space 21504K, 46% used [0x00000006fd000000,0x00000006fd9c8510,0x00000006fe500000)
}
Event: 1019489.872 GC heap before
{Heap before GC invocations=34 (full 0):
 PSYoungGen      total 42496K, used 42176K [0x00000007ab600000, 0x00000007ae280000, 0x0000000800000000)
  eden space 41472K, 100% used [0x00000007ab600000,0x00000007ade80000,0x00000007ade80000)
  from space 1024K, 68% used [0x00000007adf00000,0x00000007adfb0000,0x00000007ae000000)
  to   space 2048K, 0% used [0x00000007ae080000,0x00000007ae080000,0x00000007ae280000)
 ParOldGen       total 173056K, used 1633K [0x0000000702200000, 0x000000070cb00000, 0x00000007ab600000)
  object space 173056K, 0% used [0x0000000702200000,0x0000000702398528,0x000000070cb00000)
 PSPermGen       total 21504K, used 10017K [0x00000006fd000000, 0x00000006fe500000, 0x0000000702200000)
  object space 21504K, 46% used [0x00000006fd000000,0x00000006fd9c8510,0x00000006fe500000)
Event: 1019489.875 GC heap after
Heap after GC invocations=34 (full 0):
 PSYoungGen      total 42496K, used 672K [0x00000007ab600000, 0x00000007ae200000, 0x0000000800000000)
  eden space 40960K, 0% used [0x00000007ab600000,0x00000007ab600000,0x00000007ade00000)
  from space 1536K, 43% used [0x00000007ae080000,0x00000007ae128000,0x00000007ae200000)
  to   space 2048K, 0% used [0x00000007ade00000,0x00000007ade00000,0x00000007ae000000)
 ParOldGen       total 173056K, used 1657K [0x0000000702200000, 0x000000070cb00000, 0x00000007ab600000)
  object space 173056K, 0% used [0x0000000702200000,0x000000070239e528,0x000000070cb00000)
 PSPermGen       total 21504K, used 10017K [0x00000006fd000000, 0x00000006fe500000, 0x0000000702200000)
  object space 21504K, 46% used [0x00000006fd000000,0x00000006fd9c8510,0x00000006fe500000)
}
Event: 1019555.102 GC heap before
{Heap before GC invocations=35 (full 0):
 PSYoungGen      total 42496K, used 41632K [0x00000007ab600000, 0x00000007ae200000, 0x0000000800000000)
  eden space 40960K, 100% used [0x00000007ab600000,0x00000007ade00000,0x00000007ade00000)
  from space 1536K, 43% used [0x00000007ae080000,0x00000007ae128000,0x00000007ae200000)
  to   space 2048K, 0% used [0x00000007ade00000,0x00000007ade00000,0x00000007ae000000)
 ParOldGen       total 173056K, used 1657K [0x0000000702200000, 0x000000070cb00000, 0x00000007ab600000)
  object space 173056K, 0% used [0x0000000702200000,0x000000070239e528,0x000000070cb00000)
 PSPermGen       total 21504K, used 10017K [0x00000006fd000000, 0x00000006fe500000, 0x0000000702200000)
  object space 21504K, 46% used [0x00000006fd000000,0x00000006fd9c8510,0x00000006fe500000)
Event: 1019555.104 GC heap after
Heap after GC invocations=35 (full 0):
 PSYoungGen      total 41472K, used 672K [0x00000007ab600000, 0x00000007ae180000, 0x0000000800000000)
  eden space 40448K, 0% used [0x00000007ab600000,0x00000007ab600000,0x00000007add80000)
  from space 1024K, 65% used [0x00000007ade00000,0x00000007adea8000,0x00000007adf00000)
  to   space 2048K, 0% used [0x00000007adf80000,0x00000007adf80000,0x00000007ae180000)
 ParOldGen       total 173056K, used 1665K [0x0000000702200000, 0x000000070cb00000, 0x00000007ab600000)
  object space 173056K, 0% used [0x0000000702200000,0x00000007023a0528,0x000000070cb00000)
 PSPermGen       total 21504K, used 10017K [0x00000006fd000000, 0x00000006fe500000, 0x0000000702200000)
  object space 21504K, 46% used [0x00000006fd000000,0x00000006fd9c8510,0x00000006fe500000)
}
Event: 1019613.946 GC heap before
{Heap before GC invocations=36 (full 0):
 PSYoungGen      total 41472K, used 41120K [0x00000007ab600000, 0x00000007ae180000, 0x0000000800000000)
  eden space 40448K, 100% used [0x00000007ab600000,0x00000007add80000,0x00000007add80000)
  from space 1024K, 65% used [0x00000007ade00000,0x00000007adea8000,0x00000007adf00000)
  to   space 2048K, 0% used [0x00000007adf80000,0x00000007adf80000,0x00000007ae180000)
 ParOldGen       total 173056K, used 1665K [0x0000000702200000, 0x000000070cb00000, 0x00000007ab600000)
  object space 173056K, 0% used [0x0000000702200000,0x00000007023a0528,0x000000070cb00000)
 PSPermGen       total 21504K, used 10017K [0x00000006fd000000, 0x00000006fe500000, 0x0000000702200000)
  object space 21504K, 46% used [0x00000006fd000000,0x00000006fd9c8510,0x00000006fe500000)
Event: 1019613.949 GC heap after
Heap after GC invocations=36 (full 0):
 PSYoungGen      total 40960K, used 640K [0x00000007ab600000, 0x00000007ae080000, 0x0000000800000000)
  eden space 39936K, 0% used [0x00000007ab600000,0x00000007ab600000,0x00000007add00000)
  from space 1024K, 62% used [0x00000007adf80000,0x00000007ae020000,0x00000007ae080000)
  to   space 1536K, 0% used [0x00000007add80000,0x00000007add80000,0x00000007adf00000)
 ParOldGen       total 173056K, used 1673K [0x0000000702200000, 0x000000070cb00000, 0x00000007ab600000)
  object space 173056K, 0% used [0x0000000702200000,0x00000007023a2528,0x000000070cb00000)
 PSPermGen       total 21504K, used 10017K [0x00000006fd000000, 0x00000006fe500000, 0x0000000702200000)
  object space 21504K, 46% used [0x00000006fd000000,0x00000006fd9c8510,0x00000006fe500000)
}
Event: 1019699.624 GC heap before
{Heap before GC invocations=37 (full 0):
 PSYoungGen      total 40960K, used 40576K [0x00000007ab600000, 0x00000007ae080000, 0x0000000800000000)
  eden space 39936K, 100% used [0x00000007ab600000,0x00000007add00000,0x00000007add00000)
  from space 1024K, 62% used [0x00000007adf80000,0x00000007ae020000,0x00000007ae080000)
  to   space 1536K, 0% used [0x00000007add80000,0x00000007add80000,0x00000007adf00000)
 ParOldGen       total 173056K, used 1673K [0x0000000702200000, 0x000000070cb00000, 0x00000007ab600000)
  object space 173056K, 0% used [0x0000000702200000,0x00000007023a2528,0x000000070cb00000)
 PSPermGen       total 21504K, used 10017K [0x00000006fd000000, 0x00000006fe500000, 0x0000000702200000)
  object space 21504K, 46% used [0x00000006fd000000,0x00000006fd9c8510,0x00000006fe500000)
Event: 1019699.627 GC heap after
Heap after GC invocations=37 (full 0):
 PSYoungGen      total 40448K, used 640K [0x00000007ab600000, 0x00000007ae000000, 0x0000000800000000)
  eden space 39424K, 0% used [0x00000007ab600000,0x00000007ab600000,0x00000007adc80000)
  from space 1024K, 62% used [0x00000007add80000,0x00000007ade20000,0x00000007ade80000)
  to   space 1536K, 0% used [0x00000007ade80000,0x00000007ade80000,0x00000007ae000000)
 ParOldGen       total 173056K, used 1681K [0x0000000702200000, 0x000000070cb00000, 0x00000007ab600000)
  object space 173056K, 0% used [0x0000000702200000,0x00000007023a4528,0x000000070cb00000)
 PSPermGen       total 21504K, used 10017K [0x00000006fd000000, 0x00000006fe500000, 0x0000000702200000)
  object space 21504K, 46% used [0x00000006fd000000,0x00000006fd9c8510,0x00000006fe500000)
}

Deoptimization events (10 events):
Event: 1014816.511 Thread 0x0000000011239800 Uncommon trap: reason=unreached action=reinterpret pc=0x0000000002acc440 method=java.lang.ref.Reference.<init>(Ljava/lang/Object;Ljava/lang/ref/ReferenceQueue;)V @ 11
Event: 1014816.512 Thread 0x0000000011239800 Uncommon trap: reason=unreached action=reinterpret pc=0x0000000002ad2d58 method=java.lang.String.equalsIgnoreCase(Ljava/lang/String;)Z @ 10
Event: 1014818.207 Thread 0x000000000f6c0800 Uncommon trap: reason=class_check action=maybe_recompile pc=0x0000000002afeb68 method=java.lang.ref.ReferenceQueue.reallyPoll()Ljava/lang/ref/Reference; @ 55
Event: 1015511.023 Thread 0x0000000011239800 Uncommon trap: reason=unreached action=reinterpret pc=0x0000000002b14914 method=java.util.HashSet.add(Ljava/lang/Object;)Z @ 11
Event: 1018185.081 Thread 0x0000000011239800 Uncommon trap: reason=unreached action=reinterpret pc=0x0000000002ad9c9c method=java.util.HashSet.add(Ljava/lang/Object;)Z @ 11
Event: 1018187.888 Thread 0x0000000011239800 Uncommon trap: reason=unreached action=reinterpret pc=0x0000000002afb634 method=com.fasterxml.jackson.databind.ser.std.MapSerializer.serializeFields(Ljava/util/Map;Lcom/fasterxml/jackson/core/JsonGenerator;Lcom/fasterxml/jackson/databind/SerializerProviderÆpÅ∆ó/A
Event: 1018187.888 Thread 0x0000000011239800 Uncommon trap: reason=null_check action=make_not_entrant pc=0x0000000002b9ce24 method=java.util.LinkedHashMap.get(Ljava/lang/Object;)Ljava/lang/Object; @ 5
Event: 1018187.917 Thread 0x0000000011239800 Uncommon trap: reason=unreached action=reinterpret pc=0x0000000002b3787c method=java.util.concurrent.ConcurrentHashMap.get(Ljava/lang/Object;)Ljava/lang/Object; @ 101
Event: 1018252.689 Thread 0x0000000011239800 Uncommon trap: reason=unreached action=reinterpret pc=0x0000000002bad2e0 method=com.fasterxml.jackson.databind.ser.SerializerCache.getReadOnlyLookupMap()Lcom/fasterxml/jackson/databind/ser/impl/ReadOnlyClassToSerializerMap; @ 10
Event: 1018272.889 Thread 0x000000000f6c0800 Uncommon trap: reason=class_check action=maybe_recompile pc=0x0000000002afeb68 method=java.lang.ref.ReferenceQueue.reallyPoll()Ljava/lang/ref/Reference; @ 55

Internal exceptions (10 events):
Event: 1011113.263 Thread 0x0000000011239800 Threw 0x00000007ad3ef590 at C:\re\jdk7u65\1313\hotspot\src\share\vm\prims\jvm.cpp:1244
Event: 1011116.322 Thread 0x0000000011239800 Implicit null exception at 0x0000000002ab8a63 to 0x0000000002ab95fd
Event: 1014816.452 Thread 0x0000000011239800 Threw 0x00000007aec0e938 at C:\re\jdk7u65\1313\hotspot\src\share\vm\prims\jvm.cpp:1244
Event: 1014816.511 Thread 0x0000000011239800 Implicit null exception at 0x0000000002ab867c to 0x0000000002ab8709
Event: 1014816.512 Thread 0x0000000011239800 Implicit null exception at 0x0000000002ad2cda to 0x0000000002ad2d45
Event: 1014821.106 Thread 0x0000000011239800 Threw 0x00000007ab875320 at C:\re\jdk7u65\1313\hotspot\src\share\vm\prims\jvm.cpp:1244
Event: 1018185.065 Thread 0x0000000011239800 Threw 0x00000007ad7c1928 at C:\re\jdk7u65\1313\hotspot\src\share\vm\prims\jvm.cpp:1244
Event: 1018185.093 Thread 0x0000000011239800 Threw 0x00000007ad7ce5d8 at C:\re\jdk7u65\1313\hotspot\src\share\vm\prims\jvm.cpp:1244
Event: 1018185.094 Thread 0x0000000011239800 Threw 0x00000007ad7d31e8 at C:\re\jdk7u65\1313\hotspot\src\share\vm\prims\jvm.cpp:1244
Event: 1018185.097 Thread 0x0000000011239800 Threw 0x00000007ad7d7810 at C:\re\jdk7u65\1313\hotspot\src\share\vm\prims\jvm.cpp:1244

Events (10 events):
Event: 1019407.629 Executing VM operation: ParallelGCFailedAllocation
Event: 1019407.631 Executing VM operation: ParallelGCFailedAllocation done
Event: 1019489.872 Executing VM operation: ParallelGCFailedAllocation
Event: 1019489.875 Executing VM operation: ParallelGCFailedAllocation done
Event: 1019555.102 Executing VM operation: ParallelGCFailedAllocation
Event: 1019555.104 Executing VM operation: ParallelGCFailedAllocation done
Event: 1019613.946 Executing VM operation: ParallelGCFailedAllocation
Event: 1019613.949 Executing VM operation: ParallelGCFailedAllocation done
Event: 1019699.624 Executing VM operation: ParallelGCFailedAllocation
Event: 1019699.627 Executing VM operation: ParallelGCFailedAllocation done


Dynamic libraries:
0x00007ff787b00000 - 0x00007ff787b33000 	C:\Users\user\Desktop\MasterModelAutomation by Zovinec\AutomationApp\creoson\jre\bin\java.exe
0x00007ffe39680000 - 0x00007ffe39870000 	C:\Windows\SYSTEM32\ntdll.dll
0x00007ffe394e0000 - 0x00007ffe39592000 	C:\Windows\System32\KERNEL32.DLL
0x00007ffe36610000 - 0x00007ffe368b3000 	C:\Windows\System32\KERNELBASE.dll
0x00007ffe38f60000 - 0x00007ffe39003000 	C:\Windows\System32\ADVAPI32.dll
0x00007ffe37730000 - 0x00007ffe377ce000 	C:\Windows\System32\msvcrt.dll
0x00007ffe395a0000 - 0x00007ffe39637000 	C:\Windows\System32\sechost.dll
0x00007ffe37980000 - 0x00007ffe37aa0000 	C:\Windows\System32\RPCRT4.dll
0x00007ffe39340000 - 0x00007ffe394d4000 	C:\Windows\System32\USER32.dll
0x00007ffe37040000 - 0x00007ffe37061000 	C:\Windows\System32\win32u.dll
0x00007ffe377d0000 - 0x00007ffe377f6000 	C:\Windows\System32\GDI32.dll
0x00007ffe37240000 - 0x00007ffe373d4000 	C:\Windows\System32\gdi32full.dll
0x00007ffe374c0000 - 0x00007ffe3755e000 	C:\Windows\System32\msvcp_win.dll
0x00007ffe37580000 - 0x00007ffe3767a000 	C:\Windows\System32\ucrtbase.dll
0x00007ffe35a20000 - 0x00007ffe35ca5000 	C:\Windows\WinSxS\amd64_microsoft.windows.common-controls_6595b64144ccf1df_6.0.18362.778_none_e6c6b761130d4fb8\COMCTL32.dll
0x00007ffe38360000 - 0x00007ffe38696000 	C:\Windows\System32\combase.dll
0x00007ffe373e0000 - 0x00007ffe37460000 	C:\Windows\System32\bcryptPrimitives.dll
0x00007ffe38e20000 - 0x00007ffe38e4e000 	C:\Windows\System32\IMM32.DLL
0x0000000062420000 - 0x00000000624f2000 	C:\Users\user\Desktop\MasterModelAutomation by Zovinec\AutomationApp\creoson\jre\bin\msvcr100.dll
0x0000000062680000 - 0x0000000062e52000 	C:\Users\user\Desktop\MasterModelAutomation by Zovinec\AutomationApp\creoson\jre\bin\server\jvm.dll
0x00007ffe37880000 - 0x00007ffe37888000 	C:\Windows\System32\PSAPI.DLL
0x00007ffe33370000 - 0x00007ffe33394000 	C:\Windows\SYSTEM32\WINMM.dll
0x00007ffe35e10000 - 0x00007ffe35e19000 	C:\Windows\SYSTEM32\WSOCK32.dll
0x00007ffe38c70000 - 0x00007ffe38cdf000 	C:\Windows\System32\WS2_32.dll
0x00007ffe33260000 - 0x00007ffe3328d000 	C:\Windows\SYSTEM32\winmmbase.dll
0x00007ffe371f0000 - 0x00007ffe3723a000 	C:\Windows\System32\cfgmgr32.dll
0x0000000062590000 - 0x000000006259f000 	C:\Users\user\Desktop\MasterModelAutomation by Zovinec\AutomationApp\creoson\jre\bin\verify.dll
0x0000000062560000 - 0x0000000062588000 	C:\Users\user\Desktop\MasterModelAutomation by Zovinec\AutomationApp\creoson\jre\bin\java.dll
0x0000000062540000 - 0x0000000062555000 	C:\Users\user\Desktop\MasterModelAutomation by Zovinec\AutomationApp\creoson\jre\bin\zip.dll
0x0000000062520000 - 0x0000000062539000 	C:\Users\user\Desktop\MasterModelAutomation by Zovinec\AutomationApp\creoson\jre\bin\net.dll
0x00007ffe35730000 - 0x00007ffe35797000 	C:\Windows\system32\mswsock.dll
0x0000000062500000 - 0x0000000062511000 	C:\Users\user\Desktop\MasterModelAutomation by Zovinec\AutomationApp\creoson\jre\bin\nio.dll
0x00007ffe37560000 - 0x00007ffe37577000 	C:\Windows\System32\CRYPTSP.dll
0x00007ffe35240000 - 0x00007ffe35273000 	C:\Windows\system32\rsaenh.dll
0x00007ffe37070000 - 0x00007ffe37096000 	C:\Windows\System32\bcrypt.dll
0x00007ffe36460000 - 0x00007ffe36485000 	C:\Windows\SYSTEM32\USERENV.dll
0x00007ffe365e0000 - 0x00007ffe36603000 	C:\Windows\System32\profapi.dll
0x00007ffe35900000 - 0x00007ffe3590c000 	C:\Windows\SYSTEM32\CRYPTBASE.dll
0x00007ffdbd8e0000 - 0x00007ffdbeaa5000 	C:\Program Files\PTC\Creo 4.0\M080\Common Files\x86e_win64\lib\pfcasyncmt.dll
0x00007ffe244a0000 - 0x00007ffe244b1000 	C:\Program Files\PTC\Creo 4.0\M080\Common Files\x86e_win64\lib\jniadaptsmtz.dll
0x00007ffe0b9f0000 - 0x00007ffe0ba3d000 	C:\Program Files\PTC\Creo 4.0\M080\Common Files\x86e_win64\lib\i18nmtz.dll
0x00007ffdfad30000 - 0x00007ffdfadc9000 	C:\Program Files\PTC\Creo 4.0\M080\Common Files\x86e_win64\lib\cipstdmtz.dll
0x00007ffe25a40000 - 0x00007ffe25ac9000 	C:\Windows\SYSTEM32\WINSPOOL.DRV
0x00007ffe365c0000 - 0x00007ffe365d1000 	C:\Windows\System32\kernel.appcore.dll
0x00007ffe23cd0000 - 0x00007ffe23ceb000 	C:\Windows\SYSTEM32\MPR.dll
0x00007ffe084f0000 - 0x00007ffe0858b000 	C:\Windows\SYSTEM32\MSVCP140.dll
0x00007ffe14f40000 - 0x00007ffe14f56000 	C:\Windows\SYSTEM32\VCRUNTIME140.dll
0x00007ffe217e0000 - 0x00007ffe217f9000 	C:\Program Files\PTC\Creo 4.0\M080\Common Files\x86e_win64\lib\utfstrmtz.dll
0x00007ffde5110000 - 0x00007ffde52e5000 	C:\Program Files\PTC\Creo 4.0\M080\Common Files\x86e_win64\lib\baselibmtz.dll
0x00007ffe37c60000 - 0x00007ffe38345000 	C:\Windows\System32\SHELL32.dll
0x00007ffe38e50000 - 0x00007ffe38ef9000 	C:\Windows\System32\shcore.dll
0x00007ffe368c0000 - 0x00007ffe37040000 	C:\Windows\System32\windows.storage.dll
0x00007ffe36550000 - 0x00007ffe3659a000 	C:\Windows\System32\powrprof.dll
0x00007ffe36540000 - 0x00007ffe36550000 	C:\Windows\System32\UMPDC.dll
0x00007ffe38f00000 - 0x00007ffe38f52000 	C:\Windows\System32\shlwapi.dll
0x00007ffe37aa0000 - 0x00007ffe37bf7000 	C:\Windows\System32\ole32.dll
0x00007ffdfba00000 - 0x00007ffdfba6f000 	C:\Program Files\PTC\Creo 4.0\M080\Common Files\x86e_win64\lib\rtlcoremtz.dll
0x00007ffe31ce0000 - 0x00007ffe31dcf000 	C:\Windows\SYSTEM32\PROPSYS.dll
0x00007ffe35440000 - 0x00007ffe3547a000 	C:\Windows\SYSTEM32\IPHLPAPI.DLL
0x00007ffe378b0000 - 0x00007ffe37974000 	C:\Windows\System32\OLEAUT32.dll
0x00007ffe25390000 - 0x00007ffe2539a000 	C:\Windows\SYSTEM32\VERSION.dll
0x00007ffe21d30000 - 0x00007ffe21d47000 	C:\Windows\SYSTEM32\NETAPI32.dll
0x00007ffe35550000 - 0x00007ffe3555c000 	C:\Windows\SYSTEM32\NETUTILS.DLL
0x00007ffe23d10000 - 0x00007ffe23d36000 	C:\Windows\SYSTEM32\SRVCLI.DLL
0x0000000062300000 - 0x000000006241e000 	C:\Program Files\PTC\Creo 4.0\M080\Common Files\x86e_win64\lib\ucore46.dll
0x00000000122e0000 - 0x0000000013155000 	C:\Program Files\PTC\Creo 4.0\M080\Common Files\x86e_win64\lib\udata46.dll
0x00007ffe08160000 - 0x00007ffe081a3000 	C:\Program Files\PTC\Creo 4.0\M080\Common Files\x86e_win64\lib\jnicipjavamtz.dll
0x00007ffe2ebc0000 - 0x00007ffe2ebd6000 	C:\Windows\system32\napinsp.dll
0x00007ffe2eba0000 - 0x00007ffe2ebba000 	C:\Windows\system32\pnrpnsp.dll
0x00007ffe35480000 - 0x00007ffe3554a000 	C:\Windows\SYSTEM32\DNSAPI.dll
0x00007ffe38350000 - 0x00007ffe38358000 	C:\Windows\System32\NSI.dll
0x00007ffe303a0000 - 0x00007ffe303ae000 	C:\Windows\System32\winrnr.dll
0x00007ffe319e0000 - 0x00007ffe319fc000 	C:\Windows\system32\NLAapi.dll
0x00007ffe30820000 - 0x00007ffe30835000 	C:\Windows\system32\wshbth.dll
0x00007ffe284f0000 - 0x00007ffe284fa000 	C:\Windows\System32\rasadhlp.dll
0x00007ffe28aa0000 - 0x00007ffe28b17000 	C:\Windows\System32\fwpuclnt.dll
0x00007ffe36430000 - 0x00007ffe3645f000 	C:\Windows\SYSTEM32\SspiCli.dll
0x00007ffe36060000 - 0x00007ffe36254000 	C:\Windows\SYSTEM32\dbghelp.dll

VM Arguments:
jvm_args: -Dsli.jlink.timeout=200 -Dsli.socket.port=9056 
java_command: com.simplifiedlogic.nitro.jshell.MainServer
Launcher Type: SUN_STANDARD

Environment Variables:
JAVA_HOME=jre
PATH=C:\Program Files\PTC\Creo 4.0\M080\Common Files\x86e_win64\lib;C:\Program Files\PTC\Creo 4.0\M080\Common Files\x86e_win64\obj;C:/Users/user/Desktop/MasterModelAutomation by Zovinec/AutomationApp/creoson/jre/bin/server;C:/Users/user/Desktop/MasterModelAutomation by Zovinec/AutomationApp/creoson/jre/bin;C:\Program Files (x86)\Common Files\Siemens\Sqlany;C:\Program Files (x86)\Siemens\Step7\S7bin;C:\Program Files\Common Files\Siemens\Automation\Simatic OAM\bin;C:\Program Files (x86)\Common Files\Oracle\Java\javapath;C:\Windows\system32;C:\Windows;C:\Windows\System32\Wbem;C:\Windows\System32\WindowsPowerShell\v1.0\;C:\Windows\System32\OpenSSH\;C:\Program Files (x86)\PKWARE\pkzipc;C:\Program Files\nodejs\;C:\Users\user\AppData\Local\Programs\Python\Python38-32\;C:\Users\user\AppData\Local\Programs\Python\Python38-32\Scripts\;C:\Users\user\AppData\Local\Programs\Python\Python38-32\;C:\Users\user\AppData\Local\Microsoft\WindowsApps;C:\Users\user\AppData\Roaming\npm;
USERNAME=user
OS=Windows_NT
PROCESSOR_IDENTIFIER=Intel64 Family 6 Model 58 Stepping 9, GenuineIntel



---------------  S Y S T E M  ---------------

OS: Windows 8.1 , 64 bit Build 9600 

CPU:total 4 (2 cores per cpu, 2 threads per core) family 6 model 58 stepping 9, cmov, cx8, fxsr, mmx, sse, sse2, sse3, ssse3, sse4.1, sse4.2, popcnt, avx, aes, erms, ht, tsc, tscinvbit, tscinv

Memory: 4k page, physical 16637424k(6511692k free), swap 26793208k(4083940k free)

vm_info: Java HotSpot(TM) 64-Bit Server VM (24.65-b04) for windows-amd64 JRE (1.7.0_65-b19), built on Jul  9 2014 17:47:07 by "java_re" with unknown MS VC++:1600

time: Tue May 12 12:06:55 2020
elapsed time: 1019701 seconds

